
> globegenius-server@1.0.0 start
> node server.js

SENDGRID_API_KEY (debug): SG.Ioq... | type: string
✅ SendGrid initialized successfully
SENDGRID_API_KEY (from env): SG.Ioq... | type: string
FLIGHT_API_URL: https://goflightlabs.com/advanced-future-flights
FLIGHT_API_KEY: eyJ0eX...
node:events:485
      throw er; // Unhandled 'error' event
      ^

Error: listen EADDRINUSE: address already in use :::3001
    at Server.setupListenHandle [as _listen2] (node:net:1939:16)
    at listenInCluster (node:net:1996:12)
    at Server.listen (node:net:2101:7)
    at app.listen (/Users/moussa/globegenius/server/node_modules/express/lib/application.js:635:24)
    at Object.<anonymous> (/Users/moussa/globegenius/server/server.js:71:5)
    at Module._compile (node:internal/modules/cjs/loader:1734:14)
    at Object..js (node:internal/modules/cjs/loader:1899:10)
    at Module.load (node:internal/modules/cjs/loader:1469:32)
    at Module._load (node:internal/modules/cjs/loader:1286:12)
    at TracingChannel.traceSync (node:diagnostics_channel:322:14)
Emitted 'error' event on Server instance at:
    at emitErrorNT (node:net:1975:8)
    at process.processTicksAndRejections (node:internal/process/task_queues:90:21) {
  code: 'EADDRINUSE',
  errno: -48,
  syscall: 'listen',
  address: '::',
  port: 3001
}

Node.js v24.1.0
